0 info it worked if it ends with ok
1 verbose cli [ '/usr/bin/node',
1 verbose cli   '/usr/share/npm/bin/npm-cli.js',
1 verbose cli   'run',
1 verbose cli   'createdb',
1 verbose cli   '--scripts-prepend-node-path=auto' ]
2 info using npm@3.5.2
3 info using node@v8.10.0
4 verbose run-script [ 'precreatedb', 'createdb', 'postcreatedb' ]
5 info lifecycle dom2@0.0.0~precreatedb: dom2@0.0.0
6 silly lifecycle dom2@0.0.0~precreatedb: no script for precreatedb, continuing
7 info lifecycle dom2@0.0.0~createdb: dom2@0.0.0
8 verbose lifecycle dom2@0.0.0~createdb: unsafe-perm in lifecycle true
9 verbose lifecycle dom2@0.0.0~createdb: PATH: /usr/share/npm/bin/node-gyp-bin:/home/kacper/WebstormProjects/Dom2/node_modules/.bin:/opt/gradle/gradle-6.3/bin:/usr/local/sbin:/usr/local/bin:/usr/sbin:/usr/bin:/sbin:/bin:/usr/games:/usr/local/games:/snap/bin:/snap/bin
10 verbose lifecycle dom2@0.0.0~createdb: CWD: /home/kacper/WebstormProjects/Dom2
11 silly lifecycle dom2@0.0.0~createdb: Args: [ '-c', 'npx ts-node createdb.ts' ]
12 info lifecycle dom2@0.0.0~createdb: Failed to exec createdb script
13 verbose stack Error: dom2@0.0.0 createdb: `npx ts-node createdb.ts`
13 verbose stack spawn ENOENT
13 verbose stack     at ChildProcess.<anonymous> (/usr/share/npm/lib/utils/spawn.js:17:16)
13 verbose stack     at emitTwo (events.js:126:13)
13 verbose stack     at ChildProcess.emit (events.js:214:7)
13 verbose stack     at maybeClose (internal/child_process.js:925:16)
13 verbose stack     at Process.ChildProcess._handle.onexit (internal/child_process.js:209:5)
14 verbose pkgid dom2@0.0.0
15 verbose cwd /home/kacper/WebstormProjects/Dom2
16 error Linux 5.3.0-51-generic
17 error argv "/usr/bin/node" "/usr/share/npm/bin/npm-cli.js" "run" "createdb" "--scripts-prepend-node-path=auto"
18 error node v8.10.0
19 error npm  v3.5.2
20 error file sh
21 error code ELIFECYCLE
22 error errno ENOENT
23 error syscall spawn
24 error dom2@0.0.0 createdb: `npx ts-node createdb.ts`
24 error spawn ENOENT
25 error Failed at the dom2@0.0.0 createdb script 'npx ts-node createdb.ts'.
25 error Make sure you have the latest version of node.js and npm installed.
25 error If you do, this is most likely a problem with the dom2 package,
25 error not with npm itself.
25 error Tell the author that this fails on your system:
25 error     npx ts-node createdb.ts
25 error You can get information on how to open an issue for this project with:
25 error     npm bugs dom2
25 error Or if that isn't available, you can get their info via:
25 error     npm owner ls dom2
25 error There is likely additional logging output above.
26 verbose exit [ 1, true ]
